{"C:\\Users\\pamnt\\SDP\\API\\app.js": {"path":"C:\\Users\\pamnt\\SDP\\API\\app.js","statementMap":{"0":{"start":{"line":2,"column":16},"end":{"line":2,"column":34}},"1":{"start":{"line":3,"column":13},"end":{"line":3,"column":28}},"2":{"start":{"line":4,"column":14},"end":{"line":4,"column":39}},"3":{"start":{"line":5,"column":0},"end":{"line":5,"column":27}},"4":{"start":{"line":7,"column":12},"end":{"line":7,"column":21}},"5":{"start":{"line":8,"column":0},"end":{"line":8,"column":16}},"6":{"start":{"line":9,"column":0},"end":{"line":9,"column":24}},"7":{"start":{"line":12,"column":23},"end":{"line":14,"column":1}},"8":{"start":{"line":16,"column":0},"end":{"line":20,"column":3}},"9":{"start":{"line":22,"column":11},"end":{"line":22,"column":28}},"10":{"start":{"line":23,"column":18},"end":{"line":23,"column":30}},"11":{"start":{"line":26,"column":19},"end":{"line":26,"column":44}},"12":{"start":{"line":27,"column":21},"end":{"line":27,"column":47}},"13":{"start":{"line":28,"column":21},"end":{"line":28,"column":47}},"14":{"start":{"line":29,"column":22},"end":{"line":29,"column":49}},"15":{"start":{"line":30,"column":0},"end":{"line":30,"column":39}},"16":{"start":{"line":31,"column":0},"end":{"line":31,"column":34}},"17":{"start":{"line":32,"column":0},"end":{"line":32,"column":37}},"18":{"start":{"line":33,"column":0},"end":{"line":33,"column":37}},"19":{"start":{"line":35,"column":0},"end":{"line":35,"column":40}}},"fnMap":{},"branchMap":{},"s":{"0":3,"1":3,"2":3,"3":3,"4":3,"5":3,"6":3,"7":3,"8":3,"9":3,"10":3,"11":3,"12":3,"13":3,"14":3,"15":3,"16":3,"17":3,"18":3,"19":3},"f":{},"b":{},"_coverageSchema":"1a1c01bbd47fc00a2c39e90264f33305004495a9","hash":"4536bbfeff4f2abd0871999826058c5687c6925b"}
,"C:\\Users\\pamnt\\SDP\\API\\functions\\auth.js": {"path":"C:\\Users\\pamnt\\SDP\\API\\functions\\auth.js","statementMap":{"0":{"start":{"line":1,"column":14},"end":{"line":1,"column":39}},"1":{"start":{"line":13,"column":21},"end":{"line":30,"column":1}},"2":{"start":{"line":14,"column":23},"end":{"line":14,"column":48}},"3":{"start":{"line":16,"column":4},"end":{"line":18,"column":5}},"4":{"start":{"line":17,"column":8},"end":{"line":17,"column":89}},"5":{"start":{"line":20,"column":20},"end":{"line":20,"column":44}},"6":{"start":{"line":22,"column":4},"end":{"line":29,"column":5}},"7":{"start":{"line":23,"column":29},"end":{"line":23,"column":70}},"8":{"start":{"line":24,"column":8},"end":{"line":24,"column":32}},"9":{"start":{"line":25,"column":8},"end":{"line":25,"column":15}},"10":{"start":{"line":27,"column":8},"end":{"line":27,"column":58}},"11":{"start":{"line":28,"column":8},"end":{"line":28,"column":78}},"12":{"start":{"line":32,"column":0},"end":{"line":34,"column":2}}},"fnMap":{"0":{"name":"(anonymous_0)","decl":{"start":{"line":13,"column":21},"end":{"line":13,"column":22}},"loc":{"start":{"line":13,"column":47},"end":{"line":30,"column":1}},"line":13}},"branchMap":{"0":{"loc":{"start":{"line":16,"column":4},"end":{"line":18,"column":5}},"type":"if","locations":[{"start":{"line":16,"column":4},"end":{"line":18,"column":5}},{"start":{},"end":{}}],"line":16},"1":{"loc":{"start":{"line":16,"column":8},"end":{"line":16,"column":56}},"type":"binary-expr","locations":[{"start":{"line":16,"column":8},"end":{"line":16,"column":19}},{"start":{"line":16,"column":23},"end":{"line":16,"column":56}}],"line":16}},"s":{"0":3,"1":3,"2":0,"3":0,"4":0,"5":0,"6":0,"7":0,"8":0,"9":0,"10":0,"11":0,"12":3},"f":{"0":0},"b":{"0":[0,0],"1":[0,0]},"_coverageSchema":"1a1c01bbd47fc00a2c39e90264f33305004495a9","hash":"75ee03ae5f4ad3869e2d35f31b130287c94870d3"}
,"C:\\Users\\pamnt\\SDP\\API\\routes\\profile.js": {"path":"C:\\Users\\pamnt\\SDP\\API\\routes\\profile.js","statementMap":{"0":{"start":{"line":3,"column":16},"end":{"line":3,"column":34}},"1":{"start":{"line":4,"column":15},"end":{"line":4,"column":31}},"2":{"start":{"line":5,"column":14},"end":{"line":5,"column":39}},"3":{"start":{"line":7,"column":11},"end":{"line":7,"column":28}},"4":{"start":{"line":10,"column":0},"end":{"line":40,"column":3}},"5":{"start":{"line":11,"column":4},"end":{"line":39,"column":5}},"6":{"start":{"line":12,"column":24},"end":{"line":12,"column":33}},"7":{"start":{"line":13,"column":8},"end":{"line":15,"column":9}},"8":{"start":{"line":14,"column":12},"end":{"line":14,"column":75}},"9":{"start":{"line":17,"column":27},"end":{"line":17,"column":58}},"10":{"start":{"line":18,"column":24},"end":{"line":18,"column":46}},"11":{"start":{"line":20,"column":8},"end":{"line":22,"column":9}},"12":{"start":{"line":21,"column":12},"end":{"line":21,"column":79}},"13":{"start":{"line":24,"column":25},"end":{"line":24,"column":39}},"14":{"start":{"line":25,"column":28},"end":{"line":33,"column":9}},"15":{"start":{"line":35,"column":8},"end":{"line":35,"column":42}},"16":{"start":{"line":37,"column":8},"end":{"line":37,"column":61}},"17":{"start":{"line":38,"column":8},"end":{"line":38,"column":73}},"18":{"start":{"line":43,"column":0},"end":{"line":62,"column":3}},"19":{"start":{"line":44,"column":4},"end":{"line":61,"column":5}},"20":{"start":{"line":45,"column":54},"end":{"line":45,"column":62}},"21":{"start":{"line":46,"column":8},"end":{"line":48,"column":9}},"22":{"start":{"line":47,"column":12},"end":{"line":47,"column":75}},"23":{"start":{"line":50,"column":27},"end":{"line":50,"column":58}},"24":{"start":{"line":51,"column":26},"end":{"line":51,"column":28}},"25":{"start":{"line":52,"column":8},"end":{"line":52,"column":54}},"26":{"start":{"line":52,"column":32},"end":{"line":52,"column":54}},"27":{"start":{"line":53,"column":8},"end":{"line":53,"column":51}},"28":{"start":{"line":53,"column":31},"end":{"line":53,"column":51}},"29":{"start":{"line":54,"column":8},"end":{"line":54,"column":93}},"30":{"start":{"line":54,"column":45},"end":{"line":54,"column":93}},"31":{"start":{"line":56,"column":8},"end":{"line":56,"column":43}},"32":{"start":{"line":57,"column":8},"end":{"line":57,"column":75}},"33":{"start":{"line":59,"column":8},"end":{"line":59,"column":56}},"34":{"start":{"line":60,"column":8},"end":{"line":60,"column":69}},"35":{"start":{"line":67,"column":0},"end":{"line":96,"column":3}},"36":{"start":{"line":68,"column":4},"end":{"line":95,"column":5}},"37":{"start":{"line":69,"column":35},"end":{"line":69,"column":57}},"38":{"start":{"line":70,"column":30},"end":{"line":70,"column":60}},"39":{"start":{"line":72,"column":8},"end":{"line":75,"column":9}},"40":{"start":{"line":73,"column":12},"end":{"line":73,"column":71}},"41":{"start":{"line":74,"column":12},"end":{"line":74,"column":76}},"42":{"start":{"line":77,"column":22},"end":{"line":77,"column":32}},"43":{"start":{"line":78,"column":8},"end":{"line":88,"column":11}},"44":{"start":{"line":79,"column":31},"end":{"line":79,"column":65}},"45":{"start":{"line":80,"column":12},"end":{"line":87,"column":15}},"46":{"start":{"line":90,"column":8},"end":{"line":90,"column":29}},"47":{"start":{"line":91,"column":8},"end":{"line":91,"column":85}},"48":{"start":{"line":93,"column":8},"end":{"line":93,"column":61}},"49":{"start":{"line":94,"column":8},"end":{"line":94,"column":73}},"50":{"start":{"line":98,"column":0},"end":{"line":98,"column":24}}},"fnMap":{"0":{"name":"(anonymous_0)","decl":{"start":{"line":10,"column":16},"end":{"line":10,"column":17}},"loc":{"start":{"line":10,"column":36},"end":{"line":40,"column":1}},"line":10},"1":{"name":"(anonymous_1)","decl":{"start":{"line":43,"column":23},"end":{"line":43,"column":24}},"loc":{"start":{"line":43,"column":43},"end":{"line":62,"column":1}},"line":43},"2":{"name":"(anonymous_2)","decl":{"start":{"line":67,"column":27},"end":{"line":67,"column":28}},"loc":{"start":{"line":67,"column":47},"end":{"line":96,"column":1}},"line":67},"3":{"name":"(anonymous_3)","decl":{"start":{"line":78,"column":35},"end":{"line":78,"column":36}},"loc":{"start":{"line":78,"column":42},"end":{"line":88,"column":9}},"line":78}},"branchMap":{"0":{"loc":{"start":{"line":13,"column":8},"end":{"line":15,"column":9}},"type":"if","locations":[{"start":{"line":13,"column":8},"end":{"line":15,"column":9}},{"start":{},"end":{}}],"line":13},"1":{"loc":{"start":{"line":20,"column":8},"end":{"line":22,"column":9}},"type":"if","locations":[{"start":{"line":20,"column":8},"end":{"line":22,"column":9}},{"start":{},"end":{}}],"line":20},"2":{"loc":{"start":{"line":29,"column":29},"end":{"line":29,"column":91}},"type":"cond-expr","locations":[{"start":{"line":29,"column":56},"end":{"line":29,"column":87}},{"start":{"line":29,"column":90},"end":{"line":29,"column":91}}],"line":29},"3":{"loc":{"start":{"line":46,"column":8},"end":{"line":48,"column":9}},"type":"if","locations":[{"start":{"line":46,"column":8},"end":{"line":48,"column":9}},{"start":{},"end":{}}],"line":46},"4":{"loc":{"start":{"line":52,"column":8},"end":{"line":52,"column":54}},"type":"if","locations":[{"start":{"line":52,"column":8},"end":{"line":52,"column":54}},{"start":{},"end":{}}],"line":52},"5":{"loc":{"start":{"line":53,"column":8},"end":{"line":53,"column":51}},"type":"if","locations":[{"start":{"line":53,"column":8},"end":{"line":53,"column":51}},{"start":{},"end":{}}],"line":53},"6":{"loc":{"start":{"line":54,"column":8},"end":{"line":54,"column":93}},"type":"if","locations":[{"start":{"line":54,"column":8},"end":{"line":54,"column":93}},{"start":{},"end":{}}],"line":54},"7":{"loc":{"start":{"line":72,"column":8},"end":{"line":75,"column":9}},"type":"if","locations":[{"start":{"line":72,"column":8},"end":{"line":75,"column":9}},{"start":{},"end":{}}],"line":72}},"s":{"0":3,"1":3,"2":3,"3":3,"4":3,"5":0,"6":0,"7":0,"8":0,"9":0,"10":0,"11":0,"12":0,"13":0,"14":0,"15":0,"16":0,"17":0,"18":3,"19":0,"20":0,"21":0,"22":0,"23":0,"24":0,"25":0,"26":0,"27":0,"28":0,"29":0,"30":0,"31":0,"32":0,"33":0,"34":0,"35":3,"36":0,"37":0,"38":0,"39":0,"40":0,"41":0,"42":0,"43":0,"44":0,"45":0,"46":0,"47":0,"48":0,"49":0,"50":3},"f":{"0":0,"1":0,"2":0,"3":0},"b":{"0":[0,0],"1":[0,0],"2":[0,0],"3":[0,0],"4":[0,0],"5":[0,0],"6":[0,0],"7":[0,0]},"_coverageSchema":"1a1c01bbd47fc00a2c39e90264f33305004495a9","hash":"59ed9e5a141328cf1eca948a66000ecfc8b46416"}
,"C:\\Users\\pamnt\\SDP\\API\\routes\\quests.js": {"path":"C:\\Users\\pamnt\\SDP\\API\\routes\\quests.js","statementMap":{"0":{"start":{"line":1,"column":16},"end":{"line":1,"column":34}},"1":{"start":{"line":2,"column":15},"end":{"line":2,"column":31}},"2":{"start":{"line":3,"column":14},"end":{"line":3,"column":39}},"3":{"start":{"line":6,"column":33},"end":{"line":6,"column":68}},"4":{"start":{"line":18,"column":21},"end":{"line":35,"column":1}},"5":{"start":{"line":19,"column":23},"end":{"line":19,"column":48}},"6":{"start":{"line":21,"column":4},"end":{"line":23,"column":5}},"7":{"start":{"line":22,"column":8},"end":{"line":22,"column":89}},"8":{"start":{"line":25,"column":20},"end":{"line":25,"column":44}},"9":{"start":{"line":27,"column":4},"end":{"line":34,"column":5}},"10":{"start":{"line":28,"column":29},"end":{"line":28,"column":70}},"11":{"start":{"line":29,"column":8},"end":{"line":29,"column":32}},"12":{"start":{"line":30,"column":8},"end":{"line":30,"column":15}},"13":{"start":{"line":32,"column":8},"end":{"line":32,"column":58}},"14":{"start":{"line":33,"column":8},"end":{"line":33,"column":78}},"15":{"start":{"line":37,"column":11},"end":{"line":37,"column":28}},"16":{"start":{"line":45,"column":0},"end":{"line":58,"column":3}},"17":{"start":{"line":46,"column":4},"end":{"line":57,"column":5}},"18":{"start":{"line":47,"column":26},"end":{"line":47,"column":49}},"19":{"start":{"line":48,"column":30},"end":{"line":48,"column":51}},"20":{"start":{"line":49,"column":28},"end":{"line":49,"column":30}},"21":{"start":{"line":50,"column":8},"end":{"line":52,"column":11}},"22":{"start":{"line":51,"column":12},"end":{"line":51,"column":60}},"23":{"start":{"line":53,"column":8},"end":{"line":53,"column":42}},"24":{"start":{"line":55,"column":8},"end":{"line":55,"column":55}},"25":{"start":{"line":56,"column":8},"end":{"line":56,"column":90}},"26":{"start":{"line":67,"column":0},"end":{"line":97,"column":3}},"27":{"start":{"line":68,"column":4},"end":{"line":96,"column":5}},"28":{"start":{"line":69,"column":94},"end":{"line":69,"column":102}},"29":{"start":{"line":70,"column":26},"end":{"line":70,"column":38}},"30":{"start":{"line":72,"column":26},"end":{"line":86,"column":9}},"31":{"start":{"line":88,"column":25},"end":{"line":88,"column":69}},"32":{"start":{"line":89,"column":8},"end":{"line":92,"column":11}},"33":{"start":{"line":94,"column":8},"end":{"line":94,"column":52}},"34":{"start":{"line":95,"column":8},"end":{"line":95,"column":87}},"35":{"start":{"line":106,"column":0},"end":{"line":141,"column":3}},"36":{"start":{"line":107,"column":4},"end":{"line":140,"column":5}},"37":{"start":{"line":108,"column":28},"end":{"line":108,"column":38}},"38":{"start":{"line":109,"column":23},"end":{"line":109,"column":35}},"39":{"start":{"line":111,"column":25},"end":{"line":111,"column":61}},"40":{"start":{"line":112,"column":24},"end":{"line":112,"column":58}},"41":{"start":{"line":115,"column":8},"end":{"line":135,"column":11}},"42":{"start":{"line":116,"column":40},"end":{"line":116,"column":83}},"43":{"start":{"line":119,"column":12},"end":{"line":121,"column":13}},"44":{"start":{"line":120,"column":16},"end":{"line":120,"column":51}},"45":{"start":{"line":122,"column":12},"end":{"line":124,"column":13}},"46":{"start":{"line":123,"column":16},"end":{"line":123,"column":50}},"47":{"start":{"line":127,"column":12},"end":{"line":129,"column":15}},"48":{"start":{"line":132,"column":12},"end":{"line":134,"column":15}},"49":{"start":{"line":136,"column":8},"end":{"line":136,"column":73}},"50":{"start":{"line":138,"column":8},"end":{"line":138,"column":55}},"51":{"start":{"line":139,"column":8},"end":{"line":139,"column":90}},"52":{"start":{"line":150,"column":0},"end":{"line":191,"column":3}},"53":{"start":{"line":151,"column":4},"end":{"line":190,"column":5}},"54":{"start":{"line":152,"column":28},"end":{"line":152,"column":38}},"55":{"start":{"line":153,"column":23},"end":{"line":153,"column":35}},"56":{"start":{"line":155,"column":25},"end":{"line":155,"column":61}},"57":{"start":{"line":158,"column":8},"end":{"line":183,"column":11}},"58":{"start":{"line":159,"column":29},"end":{"line":159,"column":60}},"59":{"start":{"line":161,"column":12},"end":{"line":163,"column":13}},"60":{"start":{"line":162,"column":16},"end":{"line":162,"column":74}},"61":{"start":{"line":166,"column":30},"end":{"line":166,"column":45}},"62":{"start":{"line":167,"column":12},"end":{"line":169,"column":13}},"63":{"start":{"line":168,"column":16},"end":{"line":168,"column":107}},"64":{"start":{"line":172,"column":31},"end":{"line":172,"column":57}},"65":{"start":{"line":173,"column":39},"end":{"line":178,"column":14}},"66":{"start":{"line":174,"column":32},"end":{"line":174,"column":76}},"67":{"start":{"line":175,"column":16},"end":{"line":177,"column":19}},"68":{"start":{"line":179,"column":12},"end":{"line":179,"column":50}},"69":{"start":{"line":182,"column":12},"end":{"line":182,"column":41}},"70":{"start":{"line":185,"column":8},"end":{"line":185,"column":97}},"71":{"start":{"line":188,"column":8},"end":{"line":188,"column":53}},"72":{"start":{"line":189,"column":8},"end":{"line":189,"column":89}},"73":{"start":{"line":200,"column":0},"end":{"line":231,"column":3}},"74":{"start":{"line":201,"column":4},"end":{"line":230,"column":5}},"75":{"start":{"line":202,"column":28},"end":{"line":202,"column":38}},"76":{"start":{"line":203,"column":23},"end":{"line":203,"column":35}},"77":{"start":{"line":205,"column":25},"end":{"line":205,"column":61}},"78":{"start":{"line":206,"column":24},"end":{"line":206,"column":58}},"79":{"start":{"line":209,"column":8},"end":{"line":225,"column":11}},"80":{"start":{"line":210,"column":40},"end":{"line":210,"column":83}},"81":{"start":{"line":212,"column":12},"end":{"line":214,"column":13}},"82":{"start":{"line":213,"column":16},"end":{"line":213,"column":60}},"83":{"start":{"line":217,"column":12},"end":{"line":219,"column":15}},"84":{"start":{"line":222,"column":12},"end":{"line":224,"column":15}},"85":{"start":{"line":226,"column":8},"end":{"line":226,"column":74}},"86":{"start":{"line":228,"column":8},"end":{"line":228,"column":56}},"87":{"start":{"line":229,"column":8},"end":{"line":229,"column":91}},"88":{"start":{"line":232,"column":0},"end":{"line":232,"column":24}}},"fnMap":{"0":{"name":"(anonymous_0)","decl":{"start":{"line":18,"column":21},"end":{"line":18,"column":22}},"loc":{"start":{"line":18,"column":47},"end":{"line":35,"column":1}},"line":18},"1":{"name":"(anonymous_1)","decl":{"start":{"line":45,"column":16},"end":{"line":45,"column":17}},"loc":{"start":{"line":45,"column":36},"end":{"line":58,"column":1}},"line":45},"2":{"name":"(anonymous_2)","decl":{"start":{"line":50,"column":30},"end":{"line":50,"column":31}},"loc":{"start":{"line":50,"column":37},"end":{"line":52,"column":9}},"line":50},"3":{"name":"(anonymous_3)","decl":{"start":{"line":67,"column":31},"end":{"line":67,"column":32}},"loc":{"start":{"line":67,"column":51},"end":{"line":97,"column":1}},"line":67},"4":{"name":"(anonymous_4)","decl":{"start":{"line":106,"column":47},"end":{"line":106,"column":48}},"loc":{"start":{"line":106,"column":67},"end":{"line":141,"column":1}},"line":106},"5":{"name":"(anonymous_5)","decl":{"start":{"line":115,"column":32},"end":{"line":115,"column":33}},"loc":{"start":{"line":115,"column":55},"end":{"line":135,"column":9}},"line":115},"6":{"name":"(anonymous_6)","decl":{"start":{"line":150,"column":41},"end":{"line":150,"column":42}},"loc":{"start":{"line":150,"column":61},"end":{"line":191,"column":1}},"line":150},"7":{"name":"(anonymous_7)","decl":{"start":{"line":158,"column":32},"end":{"line":158,"column":33}},"loc":{"start":{"line":158,"column":55},"end":{"line":183,"column":9}},"line":158},"8":{"name":"(anonymous_8)","decl":{"start":{"line":173,"column":54},"end":{"line":173,"column":55}},"loc":{"start":{"line":173,"column":74},"end":{"line":178,"column":13}},"line":173},"9":{"name":"(anonymous_9)","decl":{"start":{"line":200,"column":48},"end":{"line":200,"column":49}},"loc":{"start":{"line":200,"column":68},"end":{"line":231,"column":1}},"line":200},"10":{"name":"(anonymous_10)","decl":{"start":{"line":209,"column":32},"end":{"line":209,"column":33}},"loc":{"start":{"line":209,"column":55},"end":{"line":225,"column":9}},"line":209}},"branchMap":{"0":{"loc":{"start":{"line":21,"column":4},"end":{"line":23,"column":5}},"type":"if","locations":[{"start":{"line":21,"column":4},"end":{"line":23,"column":5}},{"start":{},"end":{}}],"line":21},"1":{"loc":{"start":{"line":21,"column":8},"end":{"line":21,"column":56}},"type":"binary-expr","locations":[{"start":{"line":21,"column":8},"end":{"line":21,"column":19}},{"start":{"line":21,"column":23},"end":{"line":21,"column":56}}],"line":21},"2":{"loc":{"start":{"line":119,"column":12},"end":{"line":121,"column":13}},"type":"if","locations":[{"start":{"line":119,"column":12},"end":{"line":121,"column":13}},{"start":{},"end":{}}],"line":119},"3":{"loc":{"start":{"line":122,"column":12},"end":{"line":124,"column":13}},"type":"if","locations":[{"start":{"line":122,"column":12},"end":{"line":124,"column":13}},{"start":{},"end":{}}],"line":122},"4":{"loc":{"start":{"line":161,"column":12},"end":{"line":163,"column":13}},"type":"if","locations":[{"start":{"line":161,"column":12},"end":{"line":163,"column":13}},{"start":{},"end":{}}],"line":161},"5":{"loc":{"start":{"line":167,"column":12},"end":{"line":169,"column":13}},"type":"if","locations":[{"start":{"line":167,"column":12},"end":{"line":169,"column":13}},{"start":{},"end":{}}],"line":167},"6":{"loc":{"start":{"line":172,"column":31},"end":{"line":172,"column":57}},"type":"binary-expr","locations":[{"start":{"line":172,"column":31},"end":{"line":172,"column":51}},{"start":{"line":172,"column":55},"end":{"line":172,"column":57}}],"line":172},"7":{"loc":{"start":{"line":212,"column":12},"end":{"line":214,"column":13}},"type":"if","locations":[{"start":{"line":212,"column":12},"end":{"line":214,"column":13}},{"start":{},"end":{}}],"line":212},"8":{"loc":{"start":{"line":212,"column":16},"end":{"line":212,"column":51}},"type":"binary-expr","locations":[{"start":{"line":212,"column":16},"end":{"line":212,"column":32}},{"start":{"line":212,"column":36},"end":{"line":212,"column":51}}],"line":212}},"s":{"0":3,"1":3,"2":3,"3":3,"4":3,"5":4,"6":4,"7":4,"8":0,"9":0,"10":0,"11":0,"12":0,"13":0,"14":0,"15":3,"16":3,"17":1,"18":1,"19":1,"20":1,"21":1,"22":1,"23":1,"24":0,"25":0,"26":3,"27":0,"28":0,"29":0,"30":0,"31":0,"32":0,"33":0,"34":0,"35":3,"36":0,"37":0,"38":0,"39":0,"40":0,"41":0,"42":0,"43":0,"44":0,"45":0,"46":0,"47":0,"48":0,"49":0,"50":0,"51":0,"52":3,"53":0,"54":0,"55":0,"56":0,"57":0,"58":0,"59":0,"60":0,"61":0,"62":0,"63":0,"64":0,"65":0,"66":0,"67":0,"68":0,"69":0,"70":0,"71":0,"72":0,"73":3,"74":0,"75":0,"76":0,"77":0,"78":0,"79":0,"80":0,"81":0,"82":0,"83":0,"84":0,"85":0,"86":0,"87":0,"88":3},"f":{"0":4,"1":1,"2":1,"3":0,"4":0,"5":0,"6":0,"7":0,"8":0,"9":0,"10":0},"b":{"0":[4,0],"1":[4,0],"2":[0,0],"3":[0,0],"4":[0,0],"5":[0,0],"6":[0,0],"7":[0,0],"8":[0,0]},"_coverageSchema":"1a1c01bbd47fc00a2c39e90264f33305004495a9","hash":"c1cb560ea4c1c665b861dea8db2a814c85343f79"}
,"C:\\Users\\pamnt\\SDP\\API\\routes\\upload.js": {"path":"C:\\Users\\pamnt\\SDP\\API\\routes\\upload.js","statementMap":{"0":{"start":{"line":1,"column":16},"end":{"line":1,"column":34}},"1":{"start":{"line":2,"column":15},"end":{"line":2,"column":31}},"2":{"start":{"line":3,"column":15},"end":{"line":3,"column":32}},"3":{"start":{"line":4,"column":14},"end":{"line":4,"column":39}},"4":{"start":{"line":16,"column":21},"end":{"line":33,"column":1}},"5":{"start":{"line":17,"column":23},"end":{"line":17,"column":48}},"6":{"start":{"line":19,"column":4},"end":{"line":21,"column":5}},"7":{"start":{"line":20,"column":8},"end":{"line":20,"column":89}},"8":{"start":{"line":23,"column":20},"end":{"line":23,"column":44}},"9":{"start":{"line":25,"column":4},"end":{"line":32,"column":5}},"10":{"start":{"line":26,"column":29},"end":{"line":26,"column":70}},"11":{"start":{"line":27,"column":8},"end":{"line":27,"column":32}},"12":{"start":{"line":28,"column":8},"end":{"line":28,"column":15}},"13":{"start":{"line":30,"column":8},"end":{"line":30,"column":58}},"14":{"start":{"line":31,"column":8},"end":{"line":31,"column":78}},"15":{"start":{"line":36,"column":29},"end":{"line":53,"column":1}},"16":{"start":{"line":37,"column":19},"end":{"line":37,"column":43}},"17":{"start":{"line":38,"column":21},"end":{"line":38,"column":65}},"18":{"start":{"line":39,"column":17},"end":{"line":39,"column":38}},"19":{"start":{"line":41,"column":4},"end":{"line":52,"column":5}},"20":{"start":{"line":42,"column":8},"end":{"line":45,"column":11}},"21":{"start":{"line":47,"column":26},"end":{"line":47,"column":85}},"22":{"start":{"line":48,"column":8},"end":{"line":48,"column":25}},"23":{"start":{"line":50,"column":8},"end":{"line":50,"column":74}},"24":{"start":{"line":51,"column":8},"end":{"line":51,"column":67}},"25":{"start":{"line":55,"column":25},"end":{"line":65,"column":2}},"26":{"start":{"line":59,"column":8},"end":{"line":63,"column":9}},"27":{"start":{"line":60,"column":12},"end":{"line":60,"column":27}},"28":{"start":{"line":62,"column":12},"end":{"line":62,"column":66}},"29":{"start":{"line":68,"column":0},"end":{"line":90,"column":3}},"30":{"start":{"line":69,"column":4},"end":{"line":89,"column":5}},"31":{"start":{"line":70,"column":8},"end":{"line":72,"column":9}},"32":{"start":{"line":71,"column":12},"end":{"line":71,"column":78}},"33":{"start":{"line":74,"column":23},"end":{"line":74,"column":35}},"34":{"start":{"line":75,"column":8},"end":{"line":77,"column":9}},"35":{"start":{"line":76,"column":13},"end":{"line":76,"column":105}},"36":{"start":{"line":79,"column":25},"end":{"line":79,"column":99}},"37":{"start":{"line":81,"column":8},"end":{"line":84,"column":11}},"38":{"start":{"line":87,"column":8},"end":{"line":87,"column":56}},"39":{"start":{"line":88,"column":8},"end":{"line":88,"column":55}},"40":{"start":{"line":93,"column":0},"end":{"line":93,"column":24}}},"fnMap":{"0":{"name":"(anonymous_0)","decl":{"start":{"line":16,"column":21},"end":{"line":16,"column":22}},"loc":{"start":{"line":16,"column":47},"end":{"line":33,"column":1}},"line":16},"1":{"name":"(anonymous_1)","decl":{"start":{"line":36,"column":29},"end":{"line":36,"column":30}},"loc":{"start":{"line":36,"column":69},"end":{"line":53,"column":1}},"line":36},"2":{"name":"(anonymous_2)","decl":{"start":{"line":58,"column":16},"end":{"line":58,"column":17}},"loc":{"start":{"line":58,"column":35},"end":{"line":64,"column":5}},"line":58},"3":{"name":"(anonymous_3)","decl":{"start":{"line":68,"column":70},"end":{"line":68,"column":71}},"loc":{"start":{"line":68,"column":90},"end":{"line":90,"column":1}},"line":68}},"branchMap":{"0":{"loc":{"start":{"line":19,"column":4},"end":{"line":21,"column":5}},"type":"if","locations":[{"start":{"line":19,"column":4},"end":{"line":21,"column":5}},{"start":{},"end":{}}],"line":19},"1":{"loc":{"start":{"line":19,"column":8},"end":{"line":19,"column":56}},"type":"binary-expr","locations":[{"start":{"line":19,"column":8},"end":{"line":19,"column":19}},{"start":{"line":19,"column":23},"end":{"line":19,"column":56}}],"line":19},"2":{"loc":{"start":{"line":59,"column":8},"end":{"line":63,"column":9}},"type":"if","locations":[{"start":{"line":59,"column":8},"end":{"line":63,"column":9}},{"start":{"line":61,"column":15},"end":{"line":63,"column":9}}],"line":59},"3":{"loc":{"start":{"line":70,"column":8},"end":{"line":72,"column":9}},"type":"if","locations":[{"start":{"line":70,"column":8},"end":{"line":72,"column":9}},{"start":{},"end":{}}],"line":70},"4":{"loc":{"start":{"line":75,"column":8},"end":{"line":77,"column":9}},"type":"if","locations":[{"start":{"line":75,"column":8},"end":{"line":77,"column":9}},{"start":{},"end":{}}],"line":75}},"s":{"0":3,"1":3,"2":3,"3":3,"4":3,"5":1,"6":1,"7":0,"8":1,"9":1,"10":1,"11":1,"12":1,"13":0,"14":0,"15":3,"16":0,"17":0,"18":0,"19":0,"20":0,"21":0,"22":0,"23":0,"24":0,"25":3,"26":0,"27":0,"28":0,"29":3,"30":1,"31":1,"32":1,"33":0,"34":0,"35":0,"36":0,"37":0,"38":0,"39":0,"40":3},"f":{"0":1,"1":0,"2":0,"3":1},"b":{"0":[0,1],"1":[1,1],"2":[0,0],"3":[1,0],"4":[0,0]},"_coverageSchema":"1a1c01bbd47fc00a2c39e90264f33305004495a9","hash":"404ccb1b899ab7f13b36e958a368dc5ef955b7aa"}
,"C:\\Users\\pamnt\\SDP\\API\\routes\\users.js": {"path":"C:\\Users\\pamnt\\SDP\\API\\routes\\users.js","statementMap":{"0":{"start":{"line":1,"column":16},"end":{"line":1,"column":34}},"1":{"start":{"line":2,"column":15},"end":{"line":2,"column":31}},"2":{"start":{"line":3,"column":14},"end":{"line":3,"column":39}},"3":{"start":{"line":5,"column":11},"end":{"line":5,"column":28}},"4":{"start":{"line":6,"column":28},"end":{"line":6,"column":63}},"5":{"start":{"line":7,"column":25},"end":{"line":7,"column":53}},"6":{"start":{"line":15,"column":0},"end":{"line":40,"column":3}},"7":{"start":{"line":16,"column":4},"end":{"line":39,"column":5}},"8":{"start":{"line":17,"column":46},"end":{"line":17,"column":54}},"9":{"start":{"line":18,"column":8},"end":{"line":20,"column":9}},"10":{"start":{"line":19,"column":12},"end":{"line":19,"column":82}},"11":{"start":{"line":21,"column":25},"end":{"line":33,"column":9}},"12":{"start":{"line":34,"column":8},"end":{"line":34,"column":63}},"13":{"start":{"line":35,"column":8},"end":{"line":35,"column":69}},"14":{"start":{"line":37,"column":8},"end":{"line":37,"column":51}},"15":{"start":{"line":38,"column":8},"end":{"line":38,"column":86}},"16":{"start":{"line":42,"column":0},"end":{"line":62,"column":3}},"17":{"start":{"line":43,"column":4},"end":{"line":61,"column":5}},"18":{"start":{"line":44,"column":27},"end":{"line":44,"column":37}},"19":{"start":{"line":47,"column":8},"end":{"line":49,"column":9}},"20":{"start":{"line":48,"column":12},"end":{"line":48,"column":95}},"21":{"start":{"line":51,"column":24},"end":{"line":51,"column":70}},"22":{"start":{"line":53,"column":8},"end":{"line":55,"column":9}},"23":{"start":{"line":54,"column":12},"end":{"line":54,"column":78}},"24":{"start":{"line":57,"column":8},"end":{"line":57,"column":45}},"25":{"start":{"line":59,"column":8},"end":{"line":59,"column":58}},"26":{"start":{"line":60,"column":8},"end":{"line":60,"column":93}},"27":{"start":{"line":64,"column":0},"end":{"line":64,"column":24}}},"fnMap":{"0":{"name":"(anonymous_0)","decl":{"start":{"line":15,"column":31},"end":{"line":15,"column":32}},"loc":{"start":{"line":15,"column":51},"end":{"line":40,"column":1}},"line":15},"1":{"name":"(anonymous_1)","decl":{"start":{"line":42,"column":37},"end":{"line":42,"column":38}},"loc":{"start":{"line":42,"column":57},"end":{"line":62,"column":1}},"line":42}},"branchMap":{"0":{"loc":{"start":{"line":18,"column":8},"end":{"line":20,"column":9}},"type":"if","locations":[{"start":{"line":18,"column":8},"end":{"line":20,"column":9}},{"start":{},"end":{}}],"line":18},"1":{"loc":{"start":{"line":47,"column":8},"end":{"line":49,"column":9}},"type":"if","locations":[{"start":{"line":47,"column":8},"end":{"line":49,"column":9}},{"start":{},"end":{}}],"line":47},"2":{"loc":{"start":{"line":53,"column":8},"end":{"line":55,"column":9}},"type":"if","locations":[{"start":{"line":53,"column":8},"end":{"line":55,"column":9}},{"start":{},"end":{}}],"line":53}},"s":{"0":3,"1":3,"2":3,"3":3,"4":3,"5":3,"6":3,"7":0,"8":0,"9":0,"10":0,"11":0,"12":0,"13":0,"14":0,"15":0,"16":3,"17":0,"18":0,"19":0,"20":0,"21":0,"22":0,"23":0,"24":0,"25":0,"26":0,"27":3},"f":{"0":0,"1":0},"b":{"0":[0,0],"1":[0,0],"2":[0,0]},"_coverageSchema":"1a1c01bbd47fc00a2c39e90264f33305004495a9","hash":"4766a04ed25a611b22ce710418dc6346efdfbff6"}
}
