TN:
SF:functions\auth.js
FN:13,(anonymous_0)
FNF:1
FNH:1
FNDA:4,(anonymous_0)
DA:1,1
DA:13,1
DA:14,4
DA:16,4
DA:17,2
DA:20,2
DA:22,2
DA:23,2
DA:24,1
DA:25,1
DA:27,1
DA:28,1
DA:32,1
LF:13
LH:13
BRDA:16,0,0,2
BRDA:16,0,1,2
BRDA:16,1,0,4
BRDA:16,1,1,3
BRF:4
BRH:4
end_of_record
TN:
SF:routes\upload.js
FN:16,(anonymous_0)
FN:36,(anonymous_1)
FN:58,(anonymous_2)
FN:68,(anonymous_3)
FNF:4
FNH:4
FNDA:4,(anonymous_0)
FNDA:2,(anonymous_1)
FNDA:2,(anonymous_2)
FNDA:3,(anonymous_3)
DA:1,1
DA:2,1
DA:3,1
DA:4,1
DA:16,1
DA:17,4
DA:19,4
DA:20,1
DA:23,3
DA:25,3
DA:26,3
DA:27,3
DA:28,3
DA:30,0
DA:31,0
DA:36,1
DA:37,2
DA:38,2
DA:39,2
DA:41,2
DA:42,2
DA:47,1
DA:48,1
DA:50,1
DA:51,1
DA:55,1
DA:59,2
DA:60,2
DA:62,0
DA:68,1
DA:69,3
DA:70,3
DA:71,1
DA:74,2
DA:75,2
DA:76,0
DA:79,2
DA:81,1
DA:87,1
DA:88,1
DA:93,1
LF:41
LH:37
BRDA:19,0,0,1
BRDA:19,0,1,3
BRDA:19,1,0,4
BRDA:19,1,1,3
BRDA:59,2,0,2
BRDA:59,2,1,0
BRDA:70,3,0,1
BRDA:70,3,1,2
BRDA:75,4,0,0
BRDA:75,4,1,2
BRF:10
BRH:8
end_of_record
TN:
SF:routes\users.js
FN:16,(anonymous_0)
FN:43,(anonymous_1)
FN:73,(anonymous_2)
FN:116,(anonymous_3)
FN:135,(anonymous_4)
FN:177,(anonymous_5)
FNF:6
FNH:2
FNDA:3,(anonymous_0)
FNDA:4,(anonymous_1)
FNDA:0,(anonymous_2)
FNDA:0,(anonymous_3)
FNDA:0,(anonymous_4)
FNDA:0,(anonymous_5)
DA:1,1
DA:2,1
DA:3,1
DA:5,1
DA:6,1
DA:8,1
DA:16,1
DA:17,3
DA:18,3
DA:19,3
DA:20,1
DA:22,2
DA:35,2
DA:36,1
DA:38,1
DA:39,1
DA:43,1
DA:44,4
DA:45,4
DA:48,4
DA:49,1
DA:52,3
DA:54,2
DA:55,1
DA:58,1
DA:60,1
DA:61,1
DA:73,1
DA:74,0
DA:76,0
DA:78,0
DA:80,0
DA:83,0
DA:87,0
DA:88,0
DA:101,0
DA:103,0
DA:104,0
DA:116,1
DA:117,0
DA:121,0
DA:123,0
DA:124,0
DA:126,0
DA:127,0
DA:128,0
DA:131,0
DA:132,0
DA:135,0
DA:136,0
DA:139,0
DA:151,0
DA:152,0
DA:156,0
DA:158,0
DA:159,0
DA:164,0
DA:165,0
DA:177,1
DA:178,0
DA:180,0
DA:181,0
DA:184,0
DA:185,0
DA:188,0
DA:191,0
DA:192,0
DA:193,0
DA:194,0
DA:197,0
DA:198,0
DA:202,0
DA:204,0
DA:210,0
DA:211,0
DA:215,1
LF:76
LH:31
BRDA:19,0,0,1
BRDA:19,0,1,2
BRDA:48,1,0,1
BRDA:48,1,1,3
BRDA:54,2,0,1
BRDA:54,2,1,1
BRDA:80,3,0,0
BRDA:80,3,1,0
BRDA:91,4,0,0
BRDA:91,4,1,0
BRDA:92,5,0,0
BRDA:92,5,1,0
BRDA:93,6,0,0
BRDA:93,6,1,0
BRDA:97,7,0,0
BRDA:97,7,1,0
BRDA:98,8,0,0
BRDA:98,8,1,0
BRDA:126,9,0,0
BRDA:126,9,1,0
BRDA:184,10,0,0
BRDA:184,10,1,0
BRDA:192,11,0,0
BRDA:192,11,1,0
BRDA:193,12,0,0
BRDA:193,12,1,0
BRDA:194,13,0,0
BRDA:194,13,1,0
BRDA:197,14,0,0
BRDA:197,14,1,0
BRF:30
BRH:6
end_of_record
