TN:
SF:app.js
FNF:0
FNH:0
DA:2,3
DA:3,3
DA:4,3
DA:5,3
DA:7,3
DA:8,3
DA:9,3
DA:12,3
DA:16,3
DA:22,3
DA:23,3
DA:26,3
DA:27,3
DA:28,3
DA:29,3
DA:30,3
DA:31,3
DA:32,3
DA:33,3
DA:35,3
LF:20
LH:20
BRF:0
BRH:0
end_of_record
TN:
SF:functions\auth.js
FN:13,(anonymous_0)
FNF:1
FNH:0
FNDA:0,(anonymous_0)
DA:1,3
DA:13,3
DA:14,0
DA:16,0
DA:17,0
DA:20,0
DA:22,0
DA:23,0
DA:24,0
DA:25,0
DA:27,0
DA:28,0
DA:32,3
LF:13
LH:3
BRDA:16,0,0,0
BRDA:16,0,1,0
BRDA:16,1,0,0
BRDA:16,1,1,0
BRF:4
BRH:0
end_of_record
TN:
SF:routes\profile.js
FN:10,(anonymous_0)
FN:43,(anonymous_1)
FN:67,(anonymous_2)
FN:78,(anonymous_3)
FNF:4
FNH:0
FNDA:0,(anonymous_0)
FNDA:0,(anonymous_1)
FNDA:0,(anonymous_2)
FNDA:0,(anonymous_3)
DA:3,3
DA:4,3
DA:5,3
DA:7,3
DA:10,3
DA:11,0
DA:12,0
DA:13,0
DA:14,0
DA:17,0
DA:18,0
DA:20,0
DA:21,0
DA:24,0
DA:25,0
DA:35,0
DA:37,0
DA:38,0
DA:43,3
DA:44,0
DA:45,0
DA:46,0
DA:47,0
DA:50,0
DA:51,0
DA:52,0
DA:53,0
DA:54,0
DA:56,0
DA:57,0
DA:59,0
DA:60,0
DA:67,3
DA:68,0
DA:69,0
DA:70,0
DA:72,0
DA:73,0
DA:74,0
DA:77,0
DA:78,0
DA:79,0
DA:80,0
DA:90,0
DA:91,0
DA:93,0
DA:94,0
DA:98,3
LF:48
LH:8
BRDA:13,0,0,0
BRDA:13,0,1,0
BRDA:20,1,0,0
BRDA:20,1,1,0
BRDA:29,2,0,0
BRDA:29,2,1,0
BRDA:46,3,0,0
BRDA:46,3,1,0
BRDA:52,4,0,0
BRDA:52,4,1,0
BRDA:53,5,0,0
BRDA:53,5,1,0
BRDA:54,6,0,0
BRDA:54,6,1,0
BRDA:72,7,0,0
BRDA:72,7,1,0
BRF:16
BRH:0
end_of_record
TN:
SF:routes\quests.js
FN:18,(anonymous_0)
FN:45,(anonymous_1)
FN:50,(anonymous_2)
FN:67,(anonymous_3)
FN:106,(anonymous_4)
FN:115,(anonymous_5)
FN:150,(anonymous_6)
FN:158,(anonymous_7)
FN:173,(anonymous_8)
FN:200,(anonymous_9)
FN:209,(anonymous_10)
FNF:11
FNH:3
FNDA:4,(anonymous_0)
FNDA:1,(anonymous_1)
FNDA:1,(anonymous_2)
FNDA:0,(anonymous_3)
FNDA:0,(anonymous_4)
FNDA:0,(anonymous_5)
FNDA:0,(anonymous_6)
FNDA:0,(anonymous_7)
FNDA:0,(anonymous_8)
FNDA:0,(anonymous_9)
FNDA:0,(anonymous_10)
DA:1,3
DA:2,3
DA:3,3
DA:6,3
DA:18,3
DA:19,4
DA:21,4
DA:22,4
DA:25,0
DA:27,0
DA:28,0
DA:29,0
DA:30,0
DA:32,0
DA:33,0
DA:37,3
DA:45,3
DA:46,1
DA:47,1
DA:48,1
DA:49,1
DA:50,1
DA:51,1
DA:53,1
DA:55,0
DA:56,0
DA:67,3
DA:68,0
DA:69,0
DA:70,0
DA:72,0
DA:88,0
DA:89,0
DA:94,0
DA:95,0
DA:106,3
DA:107,0
DA:108,0
DA:109,0
DA:111,0
DA:112,0
DA:115,0
DA:116,0
DA:119,0
DA:120,0
DA:122,0
DA:123,0
DA:127,0
DA:132,0
DA:136,0
DA:138,0
DA:139,0
DA:150,3
DA:151,0
DA:152,0
DA:153,0
DA:155,0
DA:158,0
DA:159,0
DA:161,0
DA:162,0
DA:166,0
DA:167,0
DA:168,0
DA:172,0
DA:173,0
DA:174,0
DA:175,0
DA:179,0
DA:182,0
DA:185,0
DA:188,0
DA:189,0
DA:200,3
DA:201,0
DA:202,0
DA:203,0
DA:205,0
DA:206,0
DA:209,0
DA:210,0
DA:212,0
DA:213,0
DA:217,0
DA:222,0
DA:226,0
DA:228,0
DA:229,0
DA:232,3
LF:89
LH:22
BRDA:21,0,0,4
BRDA:21,0,1,0
BRDA:21,1,0,4
BRDA:21,1,1,0
BRDA:119,2,0,0
BRDA:119,2,1,0
BRDA:122,3,0,0
BRDA:122,3,1,0
BRDA:161,4,0,0
BRDA:161,4,1,0
BRDA:167,5,0,0
BRDA:167,5,1,0
BRDA:172,6,0,0
BRDA:172,6,1,0
BRDA:212,7,0,0
BRDA:212,7,1,0
BRDA:212,8,0,0
BRDA:212,8,1,0
BRF:18
BRH:2
end_of_record
TN:
SF:routes\upload.js
FN:16,(anonymous_0)
FN:36,(anonymous_1)
FN:58,(anonymous_2)
FN:68,(anonymous_3)
FNF:4
FNH:2
FNDA:1,(anonymous_0)
FNDA:0,(anonymous_1)
FNDA:0,(anonymous_2)
FNDA:1,(anonymous_3)
DA:1,3
DA:2,3
DA:3,3
DA:4,3
DA:16,3
DA:17,1
DA:19,1
DA:20,0
DA:23,1
DA:25,1
DA:26,1
DA:27,1
DA:28,1
DA:30,0
DA:31,0
DA:36,3
DA:37,0
DA:38,0
DA:39,0
DA:41,0
DA:42,0
DA:47,0
DA:48,0
DA:50,0
DA:51,0
DA:55,3
DA:59,0
DA:60,0
DA:62,0
DA:68,3
DA:69,1
DA:70,1
DA:71,1
DA:74,0
DA:75,0
DA:76,0
DA:79,0
DA:81,0
DA:87,0
DA:88,0
DA:93,3
LF:41
LH:19
BRDA:19,0,0,0
BRDA:19,0,1,1
BRDA:19,1,0,1
BRDA:19,1,1,1
BRDA:59,2,0,0
BRDA:59,2,1,0
BRDA:70,3,0,1
BRDA:70,3,1,0
BRDA:75,4,0,0
BRDA:75,4,1,0
BRF:10
BRH:4
end_of_record
TN:
SF:routes\users.js
FN:15,(anonymous_0)
FN:42,(anonymous_1)
FNF:2
FNH:0
FNDA:0,(anonymous_0)
FNDA:0,(anonymous_1)
DA:1,3
DA:2,3
DA:3,3
DA:5,3
DA:6,3
DA:7,3
DA:15,3
DA:16,0
DA:17,0
DA:18,0
DA:19,0
DA:21,0
DA:34,0
DA:35,0
DA:37,0
DA:38,0
DA:42,3
DA:43,0
DA:44,0
DA:47,0
DA:48,0
DA:51,0
DA:53,0
DA:54,0
DA:57,0
DA:59,0
DA:60,0
DA:64,3
LF:28
LH:9
BRDA:18,0,0,0
BRDA:18,0,1,0
BRDA:47,1,0,0
BRDA:47,1,1,0
BRDA:53,2,0,0
BRDA:53,2,1,0
BRF:6
BRH:0
end_of_record
